<?xml version="1.0" encoding="UTF-8"?>
<!-- Generated by org.testng.reporters.JUnitReportReporter -->
<testsuite skipped="0" hostname="DESKTOP-I7QHUC2" name="testScriptDefinitions.Module1.TC101_AddEmergencyContactsAndVerify" tests="1" failures="0" timestamp="17 May 2018 02:40:19 GMT" time="43.879" errors="0">
  <testcase name="scriptDefinition" time="43.879" classname="testScriptDefinitions.Module1.TC101_AddEmergencyContactsAndVerify"/>
</testsuite> <!-- testScriptDefinitions.Module1.TC101_AddEmergencyContactsAndVerify -->
