<?xml version="1.0" encoding="UTF-8"?>
<!-- Generated by org.testng.reporters.JUnitReportReporter -->
<testsuite skipped="0" hostname="DESKTOP-I7QHUC2" name="testScriptDefinitions.AdminModule.TC104_AddingProducts" tests="1" failures="0" timestamp="06 Jul 2018 05:20:57 GMT" time="243.492" errors="0">
  <testcase name="scriptDefinition" time="243.492" classname="testScriptDefinitions.AdminModule.TC104_AddingProducts"/>
</testsuite> <!-- testScriptDefinitions.AdminModule.TC104_AddingProducts -->
