<?xml version="1.0" encoding="UTF-8"?>
<!-- Generated by org.testng.reporters.JUnitReportReporter -->
<testsuite skipped="3" hostname="Ankit-PC" name="TestScriptDefinitions.Module1" tests="4" failures="0" timestamp="31 Mar 2017 04:46:17 GMT" time="16.654" errors="0">
  <testcase name="TC04_AddMyInfoAttachment" time="16.654" classname="TestScriptDefinitions.Module1"/>
  <testcase name="TC03_AddImmigrationDetailsAndVerify" classname="TestScriptDefinitions.Module1">
    <skipped/>
  </testcase> <!-- TC03_AddImmigrationDetailsAndVerify -->
  <testcase name="TC01_AddEmergencyContactsAndVerify" classname="TestScriptDefinitions.Module1">
    <skipped/>
  </testcase> <!-- TC01_AddEmergencyContactsAndVerify -->
  <testcase name="TC02_AddDependenciesAndVerify" classname="TestScriptDefinitions.Module1">
    <skipped/>
  </testcase> <!-- TC02_AddDependenciesAndVerify -->
</testsuite> <!-- TestScriptDefinitions.Module1 -->
