<?xml version="1.0" encoding="UTF-8"?>
<!-- Generated by org.testng.reporters.JUnitReportReporter -->
<testsuite hostname="Ankit-PC" name="TestScriptDefinitions.EmergencyContact" tests="2" failures="0" timestamp="9 May 2017 06:21:02 GMT" time="27.732" errors="0">
  <testcase name="TC03_EmergencyContacts_DeleteRecord" time="13.292" classname="TestScriptDefinitions.EmergencyContact"/>
  <testcase name="TC01_EmergencyContacts_AddRecord" time="14.440" classname="TestScriptDefinitions.EmergencyContact"/>
</testsuite> <!-- TestScriptDefinitions.EmergencyContact -->
