<?xml version="1.0" encoding="UTF-8"?>
<!-- Generated by org.testng.reporters.JUnitReportReporter -->
<testsuite hostname="Ankit-PC" name="TestScriptDefinitions.Module2" tests="1" failures="0" timestamp="17 Mar 2017 12:08:09 GMT" time="0.001" errors="0">
  <testcase name="TC01_AddEmergencyContactsAndVerify" time="0.001" classname="TestScriptDefinitions.Module2"/>
</testsuite> <!-- TestScriptDefinitions.Module2 -->
