<?xml version="1.0" encoding="UTF-8"?>
<!-- Generated by org.testng.reporters.JUnitReportReporter -->
<testsuite skipped="0" hostname="DESKTOP-I7QHUC2" name="testScriptDefinitions.AdminModule.TC103_Admin_GeneralSettings" tests="1" failures="0" timestamp="11 Jul 2018 05:40:23 GMT" time="527.796" errors="0">
  <testcase name="scriptDefinition" time="527.796" classname="testScriptDefinitions.AdminModule.TC103_Admin_GeneralSettings"/>
</testsuite> <!-- testScriptDefinitions.AdminModule.TC103_Admin_GeneralSettings -->
