<?xml version="1.0" encoding="UTF-8"?>
<!-- Generated by org.testng.reporters.JUnitReportReporter -->
<testsuite name="package1.TC01_AddEmergencyContactsAndVerify" tests="1" time="31.306" ignored="0" failures="0" timestamp="06 Feb 2017 03:51:10 GMT" skipped="0" hostname="balu-PC" errors="0">
  <testcase name="f" time="31.306" classname="package1.TC01_AddEmergencyContactsAndVerify"/>
</testsuite> <!-- package1.TC01_AddEmergencyContactsAndVerify -->
