<?xml version="1.0" encoding="UTF-8"?>
<!-- Generated by org.testng.reporters.JUnitReportReporter -->
<testsuite hostname="DESKTOP-I7QHUC2" name="testScriptDefinitions.Module1.TC104_LaunchingApp" tests="1" failures="0" timestamp="13 Jun 2018 05:25:22 GMT" time="51.783" errors="0">
  <testcase name="scriptDefinition" time="51.783" classname="testScriptDefinitions.Module1.TC104_LaunchingApp"/>
</testsuite> <!-- testScriptDefinitions.Module1.TC104_LaunchingApp -->
