<?xml version="1.0" encoding="UTF-8"?>
<!-- Generated by org.testng.reporters.JUnitReportReporter -->
<testsuite hostname="DESKTOP-I7QHUC2" name="testScriptDefinitions.Module1.TC102_AddingApps" tests="1" failures="0" timestamp="13 Jun 2018 05:25:22 GMT" time="51.860" errors="0">
  <testcase name="scriptDefinition" time="51.860" classname="testScriptDefinitions.Module1.TC102_AddingApps"/>
</testsuite> <!-- testScriptDefinitions.Module1.TC102_AddingApps -->
