<?xml version="1.0" encoding="UTF-8"?>
<!-- Generated by org.testng.reporters.JUnitReportReporter -->
<testsuite hostname="DESKTOP-I7QHUC2" name="testScriptDefinitions.Module1.TC103_AddingUsers" tests="1" failures="0" timestamp="13 Jun 2018 05:25:22 GMT" time="52.421" errors="0">
  <testcase name="scriptDefinition" time="52.421" classname="testScriptDefinitions.Module1.TC103_AddingUsers"/>
</testsuite> <!-- testScriptDefinitions.Module1.TC103_AddingUsers -->
