<?xml version="1.0" encoding="UTF-8"?>
<!-- Generated by org.testng.reporters.JUnitReportReporter -->
<testsuite skipped="0" hostname="DESKTOP-I7QHUC2" name="testScriptDefinitions.AdminModule.TC102_CustomersPage_AdminModule" tests="1" failures="0" timestamp="28 Jun 2018 05:05:57 GMT" time="54.256" errors="0">
  <testcase name="scriptDefinition" time="54.256" classname="testScriptDefinitions.AdminModule.TC102_CustomersPage_AdminModule"/>
</testsuite> <!-- testScriptDefinitions.AdminModule.TC102_CustomersPage_AdminModule -->
