<?xml version="1.0" encoding="UTF-8"?>
<!-- Generated by org.testng.reporters.JUnitReportReporter -->
<testsuite skipped="0" hostname="DESKTOP-I7QHUC2" name="testScriptDefinitions.AdminModule.TC101_LoginIntoMaestrano" tests="1" failures="0" timestamp="28 Jun 2018 05:04:42 GMT" time="45.793" errors="0">
  <testcase name="scriptDefinition" time="45.793" classname="testScriptDefinitions.AdminModule.TC101_LoginIntoMaestrano"/>
</testsuite> <!-- testScriptDefinitions.AdminModule.TC101_LoginIntoMaestrano -->
